Analysis & Synthesis report for sha256
Sun Feb 18 15:47:01 2018
Quartus Prime Version 17.1.0 Build 590 10/25/2017 SJ Lite Edition


---------------------
; Table of Contents ;
---------------------
  1. Legal Notice
  2. Analysis & Synthesis Summary
  3. Analysis & Synthesis Settings
  4. Parallel Compilation
  5. Analysis & Synthesis Source Files Read
  6. Analysis & Synthesis Resource Usage Summary
  7. Analysis & Synthesis Resource Utilization by Entity
  8. State Machine - |sha256|state
  9. Registers Removed During Synthesis
 10. General Register Statistics
 11. Multiplexer Restructuring Statistics (Restructuring Performed)
 12. Parameter Settings for User Entity Instance: Top-level Entity: |sha256
 13. Post-Synthesis Netlist Statistics for Top Partition
 14. Elapsed Time Per Partition
 15. Analysis & Synthesis Messages
 16. Analysis & Synthesis Suppressed Messages



----------------
; Legal Notice ;
----------------
Copyright (C) 2017  Intel Corporation. All rights reserved.
Your use of Intel Corporation's design tools, logic functions 
and other software and tools, and its AMPP partner logic 
functions, and any output files from any of the foregoing 
(including device programming or simulation files), and any 
associated documentation or information are expressly subject 
to the terms and conditions of the Intel Program License 
Subscription Agreement, the Intel Quartus Prime License Agreement,
the Intel FPGA IP License Agreement, or other applicable license
agreement, including, without limitation, that your use is for
the sole purpose of programming logic devices manufactured by
Intel and sold by Intel or its authorized distributors.  Please
refer to the applicable agreement for further details.



+---------------------------------------------------------------------------------+
; Analysis & Synthesis Summary                                                    ;
+-----------------------------------+---------------------------------------------+
; Analysis & Synthesis Status       ; Successful - Sun Feb 18 15:47:01 2018       ;
; Quartus Prime Version             ; 17.1.0 Build 590 10/25/2017 SJ Lite Edition ;
; Revision Name                     ; sha256                                      ;
; Top-level Entity Name             ; sha256                                      ;
; Family                            ; Arria II GX                                 ;
; Logic utilization                 ; N/A                                         ;
;     Combinational ALUTs           ; 23,650                                      ;
;     Memory ALUTs                  ; 0                                           ;
;     Dedicated logic registers     ; 895                                         ;
; Total registers                   ; 895                                         ;
; Total pins                        ; 182                                         ;
; Total virtual pins                ; 0                                           ;
; Total block memory bits           ; 0                                           ;
; DSP block 18-bit elements         ; 0                                           ;
; Total GXB Receiver Channel PCS    ; 0                                           ;
; Total GXB Receiver Channel PMA    ; 0                                           ;
; Total GXB Transmitter Channel PCS ; 0                                           ;
; Total GXB Transmitter Channel PMA ; 0                                           ;
; Total PLLs                        ; 0                                           ;
; Total DLLs                        ; 0                                           ;
+-----------------------------------+---------------------------------------------+


+---------------------------------------------------------------------------------------------------------------------------+
; Analysis & Synthesis Settings                                                                                             ;
+---------------------------------------------------------------------------------+--------------------+--------------------+
; Option                                                                          ; Setting            ; Default Value      ;
+---------------------------------------------------------------------------------+--------------------+--------------------+
; Device                                                                          ; EP2AGX45DF29I5     ;                    ;
; Top-level entity name                                                           ; sha256             ; sha256             ;
; Family name                                                                     ; Arria II GX        ; Cyclone V          ;
; Use smart compilation                                                           ; Off                ; Off                ;
; Enable parallel Assembler and TimeQuest Timing Analyzer during compilation      ; On                 ; On                 ;
; Enable compact report table                                                     ; Off                ; Off                ;
; Restructure Multiplexers                                                        ; Auto               ; Auto               ;
; MLAB Add Timing Constraints For Mixed-Port Feed-Through Mode Setting Don't Care ; Off                ; Off                ;
; Create Debugging Nodes for IP Cores                                             ; Off                ; Off                ;
; Preserve fewer node names                                                       ; On                 ; On                 ;
; Intel FPGA IP Evaluation Mode                                                   ; Enable             ; Enable             ;
; Verilog Version                                                                 ; Verilog_2001       ; Verilog_2001       ;
; VHDL Version                                                                    ; VHDL_1993          ; VHDL_1993          ;
; State Machine Processing                                                        ; Auto               ; Auto               ;
; Safe State Machine                                                              ; Off                ; Off                ;
; Extract Verilog State Machines                                                  ; On                 ; On                 ;
; Extract VHDL State Machines                                                     ; On                 ; On                 ;
; Ignore Verilog initial constructs                                               ; Off                ; Off                ;
; Iteration limit for constant Verilog loops                                      ; 5000               ; 5000               ;
; Iteration limit for non-constant Verilog loops                                  ; 250                ; 250                ;
; Add Pass-Through Logic to Inferred RAMs                                         ; On                 ; On                 ;
; Infer RAMs from Raw Logic                                                       ; On                 ; On                 ;
; Parallel Synthesis                                                              ; On                 ; On                 ;
; DSP Block Balancing                                                             ; Auto               ; Auto               ;
; NOT Gate Push-Back                                                              ; On                 ; On                 ;
; Power-Up Don't Care                                                             ; On                 ; On                 ;
; Remove Redundant Logic Cells                                                    ; Off                ; Off                ;
; Remove Duplicate Registers                                                      ; On                 ; On                 ;
; Ignore CARRY Buffers                                                            ; Off                ; Off                ;
; Ignore CASCADE Buffers                                                          ; Off                ; Off                ;
; Ignore GLOBAL Buffers                                                           ; Off                ; Off                ;
; Ignore ROW GLOBAL Buffers                                                       ; Off                ; Off                ;
; Ignore LCELL Buffers                                                            ; Off                ; Off                ;
; Ignore SOFT Buffers                                                             ; On                 ; On                 ;
; Limit AHDL Integers to 32 Bits                                                  ; Off                ; Off                ;
; Optimization Technique                                                          ; Balanced           ; Balanced           ;
; Carry Chain Length                                                              ; 70                 ; 70                 ;
; Auto Carry Chains                                                               ; On                 ; On                 ;
; Auto Open-Drain Pins                                                            ; On                 ; On                 ;
; Perform WYSIWYG Primitive Resynthesis                                           ; Off                ; Off                ;
; Auto ROM Replacement                                                            ; On                 ; On                 ;
; Auto RAM Replacement                                                            ; On                 ; On                 ;
; Auto DSP Block Replacement                                                      ; On                 ; On                 ;
; Auto Shift Register Replacement                                                 ; Auto               ; Auto               ;
; Allow Shift Register Merging across Hierarchies                                 ; Auto               ; Auto               ;
; Auto Clock Enable Replacement                                                   ; On                 ; On                 ;
; Strict RAM Replacement                                                          ; Off                ; Off                ;
; Allow Synchronous Control Signals                                               ; On                 ; On                 ;
; Force Use of Synchronous Clear Signals                                          ; Off                ; Off                ;
; Auto RAM Block Balancing                                                        ; On                 ; On                 ;
; Auto RAM to Logic Cell Conversion                                               ; Off                ; Off                ;
; Auto Resource Sharing                                                           ; Off                ; Off                ;
; Allow Any RAM Size For Recognition                                              ; Off                ; Off                ;
; Allow Any ROM Size For Recognition                                              ; Off                ; Off                ;
; Allow Any Shift Register Size For Recognition                                   ; Off                ; Off                ;
; Use LogicLock Constraints during Resource Balancing                             ; On                 ; On                 ;
; Ignore translate_off and synthesis_off directives                               ; Off                ; Off                ;
; Timing-Driven Synthesis                                                         ; On                 ; On                 ;
; Report Parameter Settings                                                       ; On                 ; On                 ;
; Report Source Assignments                                                       ; On                 ; On                 ;
; Report Connectivity Checks                                                      ; On                 ; On                 ;
; Ignore Maximum Fan-Out Assignments                                              ; Off                ; Off                ;
; Synchronization Register Chain Length                                           ; 3                  ; 3                  ;
; Power Optimization During Synthesis                                             ; Normal compilation ; Normal compilation ;
; HDL message level                                                               ; Level2             ; Level2             ;
; Suppress Register Optimization Related Messages                                 ; Off                ; Off                ;
; Number of Removed Registers Reported in Synthesis Report                        ; 5000               ; 5000               ;
; Number of Swept Nodes Reported in Synthesis Report                              ; 5000               ; 5000               ;
; Number of Inverted Registers Reported in Synthesis Report                       ; 100                ; 100                ;
; Clock MUX Protection                                                            ; On                 ; On                 ;
; Auto Gated Clock Conversion                                                     ; Off                ; Off                ;
; Block Design Naming                                                             ; Auto               ; Auto               ;
; SDC constraint protection                                                       ; Off                ; Off                ;
; Synthesis Effort                                                                ; Auto               ; Auto               ;
; Shift Register Replacement - Allow Asynchronous Clear Signal                    ; On                 ; On                 ;
; Pre-Mapping Resynthesis Optimization                                            ; Off                ; Off                ;
; Analysis & Synthesis Message Level                                              ; Medium             ; Medium             ;
; Disable Register Merging Across Hierarchies                                     ; Auto               ; Auto               ;
; Resource Aware Inference For Block RAM                                          ; On                 ; On                 ;
+---------------------------------------------------------------------------------+--------------------+--------------------+


+------------------------------------------+
; Parallel Compilation                     ;
+----------------------------+-------------+
; Processors                 ; Number      ;
+----------------------------+-------------+
; Number detected on machine ; 4           ;
; Maximum allowed            ; 2           ;
;                            ;             ;
; Average used               ; 1.00        ;
; Maximum used               ; 2           ;
;                            ;             ;
; Usage by Processor         ; % Time Used ;
;     Processor 1            ; 100.0%      ;
;     Processor 2            ;   0.3%      ;
+----------------------------+-------------+


+-----------------------------------------------------------------------------------------------------------------------------------------+
; Analysis & Synthesis Source Files Read                                                                                                  ;
+----------------------------------+-----------------+------------------------------+-------------------------------------------+---------+
; File Name with User-Entered Path ; Used in Netlist ; File Type                    ; File Name with Absolute Path              ; Library ;
+----------------------------------+-----------------+------------------------------+-------------------------------------------+---------+
; sha256.sv                        ; yes             ; User SystemVerilog HDL File  ; C:/intelFPGA_lite/17.1/project4/sha256.sv ;         ;
+----------------------------------+-----------------+------------------------------+-------------------------------------------+---------+


+-----------------------------------------------------------+
; Analysis & Synthesis Resource Usage Summary               ;
+-----------------------------------------------+-----------+
; Resource                                      ; Usage     ;
+-----------------------------------------------+-----------+
; Estimated ALUTs Used                          ; 23650     ;
;     -- Combinational ALUTs                    ; 23650     ;
;     -- Memory ALUTs                           ; 0         ;
;     -- LUT_REGs                               ; 0         ;
; Dedicated logic registers                     ; 895       ;
;                                               ;           ;
; Estimated ALUTs Unavailable                   ; 319       ;
;     -- Due to unpartnered combinational logic ; 319       ;
;     -- Due to Memory ALUTs                    ; 0         ;
;                                               ;           ;
; Total combinational functions                 ; 23650     ;
; Combinational ALUT usage by number of inputs  ;           ;
;     -- 7 input functions                      ; 0         ;
;     -- 6 input functions                      ; 387       ;
;     -- 5 input functions                      ; 257       ;
;     -- 4 input functions                      ; 260       ;
;     -- <=3 input functions                    ; 22746     ;
;                                               ;           ;
; Combinational ALUTs by mode                   ;           ;
;     -- normal mode                            ; 12067     ;
;     -- extended LUT mode                      ; 0         ;
;     -- arithmetic mode                        ; 3871      ;
;     -- shared arithmetic mode                 ; 7712      ;
;                                               ;           ;
; Estimated ALUT/register pairs used            ; 24049     ;
;                                               ;           ;
; Total registers                               ; 895       ;
;     -- Dedicated logic registers              ; 895       ;
;     -- I/O registers                          ; 0         ;
;     -- LUT_REGs                               ; 0         ;
;                                               ;           ;
;                                               ;           ;
; I/O pins                                      ; 182       ;
;                                               ;           ;
; DSP block 18-bit elements                     ; 0         ;
;                                               ;           ;
; Maximum fan-out node                          ; clk~input ;
; Maximum fan-out                               ; 896       ;
; Total fan-out                                 ; 81283     ;
; Average fan-out                               ; 3.26      ;
+-----------------------------------------------+-----------+


+----------------------------------------------------------------------------------------------------------------------------------------------------------------------------------------------------------------------------------------+
; Analysis & Synthesis Resource Utilization by Entity                                                                                                                                                                                    ;
+----------------------------+---------------------+---------------------------+-------------------+--------------+---------+-----------+-----------+-----------+------+--------------+---------------------+-------------+--------------+
; Compilation Hierarchy Node ; Combinational ALUTs ; Dedicated Logic Registers ; Block Memory Bits ; DSP Elements ; DSP 9x9 ; DSP 12x12 ; DSP 18x18 ; DSP 36x36 ; Pins ; Virtual Pins ; Full Hierarchy Name ; Entity Name ; Library Name ;
+----------------------------+---------------------+---------------------------+-------------------+--------------+---------+-----------+-----------+-----------+------+--------------+---------------------+-------------+--------------+
; |sha256                    ; 23650 (23650)       ; 895 (895)                 ; 0                 ; 0            ; 0       ; 0         ; 0         ; 0         ; 182  ; 0            ; |sha256             ; sha256      ; work         ;
+----------------------------+---------------------+---------------------------+-------------------+--------------+---------+-----------+-----------+-----------+------+--------------+---------------------+-------------+--------------+
Note: For table entries with two numbers listed, the numbers in parentheses indicate the number of resources of the given type used by the specific entity alone. The numbers listed outside of parentheses indicate the total resources of the given type used by the specific entity and all of its sub-entities in the hierarchy.


Encoding Type:  One-Hot
+-------------------------------------------------------------------------------------------------------------------------------------------------------------------------------------------------------------------+
; State Machine - |sha256|state                                                                                                                                                                                     ;
+---------------------+---------------+---------------+---------------+---------------------+--------------+--------------+--------------+--------------+--------------+------------------+------------+------------+
; Name                ; state.WRITE_3 ; state.WRITE_2 ; state.WRITE_1 ; state.CHECK_IF_DONE ; state.INIT_W ; state.READ_4 ; state.READ_3 ; state.READ_2 ; state.READ_1 ; state.ROUND_INIT ; state.INIT ; state.IDLE ;
+---------------------+---------------+---------------+---------------+---------------------+--------------+--------------+--------------+--------------+--------------+------------------+------------+------------+
; state.IDLE          ; 0             ; 0             ; 0             ; 0                   ; 0            ; 0            ; 0            ; 0            ; 0            ; 0                ; 0          ; 0          ;
; state.INIT          ; 0             ; 0             ; 0             ; 0                   ; 0            ; 0            ; 0            ; 0            ; 0            ; 0                ; 1          ; 1          ;
; state.ROUND_INIT    ; 0             ; 0             ; 0             ; 0                   ; 0            ; 0            ; 0            ; 0            ; 0            ; 1                ; 0          ; 1          ;
; state.READ_1        ; 0             ; 0             ; 0             ; 0                   ; 0            ; 0            ; 0            ; 0            ; 1            ; 0                ; 0          ; 1          ;
; state.READ_2        ; 0             ; 0             ; 0             ; 0                   ; 0            ; 0            ; 0            ; 1            ; 0            ; 0                ; 0          ; 1          ;
; state.READ_3        ; 0             ; 0             ; 0             ; 0                   ; 0            ; 0            ; 1            ; 0            ; 0            ; 0                ; 0          ; 1          ;
; state.READ_4        ; 0             ; 0             ; 0             ; 0                   ; 0            ; 1            ; 0            ; 0            ; 0            ; 0                ; 0          ; 1          ;
; state.INIT_W        ; 0             ; 0             ; 0             ; 0                   ; 1            ; 0            ; 0            ; 0            ; 0            ; 0                ; 0          ; 1          ;
; state.CHECK_IF_DONE ; 0             ; 0             ; 0             ; 1                   ; 0            ; 0            ; 0            ; 0            ; 0            ; 0                ; 0          ; 1          ;
; state.WRITE_1       ; 0             ; 0             ; 1             ; 0                   ; 0            ; 0            ; 0            ; 0            ; 0            ; 0                ; 0          ; 1          ;
; state.WRITE_2       ; 0             ; 1             ; 0             ; 0                   ; 0            ; 0            ; 0            ; 0            ; 0            ; 0                ; 0          ; 1          ;
; state.WRITE_3       ; 1             ; 0             ; 0             ; 0                   ; 0            ; 0            ; 0            ; 0            ; 0            ; 0                ; 0          ; 1          ;
+---------------------+---------------+---------------+---------------+---------------------+--------------+--------------+--------------+--------------+--------------+------------------+------------+------------+


+-------------------------------------------------------------+
; Registers Removed During Synthesis                          ;
+----------------------------------------+--------------------+
; Register name                          ; Reason for Removal ;
+----------------------------------------+--------------------+
; state~16                               ; Lost fanout        ;
; state~17                               ; Lost fanout        ;
; state~18                               ; Lost fanout        ;
; state~19                               ; Lost fanout        ;
; state~20                               ; Lost fanout        ;
; state~21                               ; Lost fanout        ;
; state~22                               ; Lost fanout        ;
; state~23                               ; Lost fanout        ;
; state~24                               ; Lost fanout        ;
; state~25                               ; Lost fanout        ;
; state~26                               ; Lost fanout        ;
; state~27                               ; Lost fanout        ;
; state~28                               ; Lost fanout        ;
; state~29                               ; Lost fanout        ;
; state~30                               ; Lost fanout        ;
; state~31                               ; Lost fanout        ;
; state~32                               ; Lost fanout        ;
; state~33                               ; Lost fanout        ;
; state~34                               ; Lost fanout        ;
; state~35                               ; Lost fanout        ;
; state~36                               ; Lost fanout        ;
; state~37                               ; Lost fanout        ;
; state~38                               ; Lost fanout        ;
; state~39                               ; Lost fanout        ;
; state~40                               ; Lost fanout        ;
; state~41                               ; Lost fanout        ;
; state~42                               ; Lost fanout        ;
; state~43                               ; Lost fanout        ;
; state~44                               ; Lost fanout        ;
; state~45                               ; Lost fanout        ;
; state~46                               ; Lost fanout        ;
; state~47                               ; Lost fanout        ;
; Total Number of Removed Registers = 32 ;                    ;
+----------------------------------------+--------------------+


+------------------------------------------------------+
; General Register Statistics                          ;
+----------------------------------------------+-------+
; Statistic                                    ; Value ;
+----------------------------------------------+-------+
; Total registers                              ; 895   ;
; Number of registers using Synchronous Clear  ; 144   ;
; Number of registers using Synchronous Load   ; 272   ;
; Number of registers using Asynchronous Clear ; 13    ;
; Number of registers using Asynchronous Load  ; 0     ;
; Number of registers using Clock Enable       ; 882   ;
; Number of registers using Preset             ; 0     ;
+----------------------------------------------+-------+


+----------------------------------------------------------------------------------------------------------------------------------------------+
; Multiplexer Restructuring Statistics (Restructuring Performed)                                                                               ;
+--------------------+-----------+---------------+----------------------+------------------------+------------+--------------------------------+
; Multiplexer Inputs ; Bus Width ; Baseline Area ; Area if Restructured ; Saving if Restructured ; Registered ; Example Multiplexer Output     ;
+--------------------+-----------+---------------+----------------------+------------------------+------------+--------------------------------+
; 3:1                ; 136 bits  ; 272 ALUTs     ; 136 ALUTs            ; 136 ALUTs              ; Yes        ; |sha256|h4[2]                  ;
; 8:1                ; 16 bits   ; 80 ALUTs      ; 0 ALUTs              ; 80 ALUTs               ; Yes        ; |sha256|row[14]                ;
; 8:1                ; 7 bits    ; 35 ALUTs      ; 14 ALUTs             ; 21 ALUTs               ; Yes        ; |sha256|block[13][5]           ;
; 8:1                ; 7 bits    ; 35 ALUTs      ; 14 ALUTs             ; 21 ALUTs               ; Yes        ; |sha256|block[12][5]           ;
; 8:1                ; 7 bits    ; 35 ALUTs      ; 14 ALUTs             ; 21 ALUTs               ; Yes        ; |sha256|block[11][6]           ;
; 8:1                ; 7 bits    ; 35 ALUTs      ; 14 ALUTs             ; 21 ALUTs               ; Yes        ; |sha256|block[10][2]           ;
; 8:1                ; 7 bits    ; 35 ALUTs      ; 14 ALUTs             ; 21 ALUTs               ; Yes        ; |sha256|block[9][1]            ;
; 8:1                ; 7 bits    ; 35 ALUTs      ; 14 ALUTs             ; 21 ALUTs               ; Yes        ; |sha256|block[8][6]            ;
; 8:1                ; 7 bits    ; 35 ALUTs      ; 14 ALUTs             ; 21 ALUTs               ; Yes        ; |sha256|block[7][0]            ;
; 8:1                ; 7 bits    ; 35 ALUTs      ; 14 ALUTs             ; 21 ALUTs               ; Yes        ; |sha256|block[6][1]            ;
; 8:1                ; 7 bits    ; 35 ALUTs      ; 14 ALUTs             ; 21 ALUTs               ; Yes        ; |sha256|block[5][5]            ;
; 8:1                ; 7 bits    ; 35 ALUTs      ; 14 ALUTs             ; 21 ALUTs               ; Yes        ; |sha256|block[4][4]            ;
; 8:1                ; 7 bits    ; 35 ALUTs      ; 14 ALUTs             ; 21 ALUTs               ; Yes        ; |sha256|block[3][1]            ;
; 8:1                ; 7 bits    ; 35 ALUTs      ; 14 ALUTs             ; 21 ALUTs               ; Yes        ; |sha256|block[2][6]            ;
; 8:1                ; 7 bits    ; 35 ALUTs      ; 14 ALUTs             ; 21 ALUTs               ; Yes        ; |sha256|block[1][0]            ;
; 8:1                ; 7 bits    ; 35 ALUTs      ; 14 ALUTs             ; 21 ALUTs               ; Yes        ; |sha256|block[0][1]            ;
; 9:1                ; 3 bits    ; 18 ALUTs      ; 6 ALUTs              ; 12 ALUTs               ; Yes        ; |sha256|block[15][0]           ;
; 9:1                ; 4 bits    ; 24 ALUTs      ; 8 ALUTs              ; 16 ALUTs               ; Yes        ; |sha256|block[15][3]           ;
; 9:1                ; 4 bits    ; 24 ALUTs      ; 8 ALUTs              ; 16 ALUTs               ; Yes        ; |sha256|block[14][5]           ;
; 9:1                ; 3 bits    ; 18 ALUTs      ; 6 ALUTs              ; 12 ALUTs               ; Yes        ; |sha256|block[14][2]           ;
; 10:1               ; 7 bits    ; 42 ALUTs      ; 14 ALUTs             ; 28 ALUTs               ; Yes        ; |sha256|block[13][21]          ;
; 10:1               ; 7 bits    ; 42 ALUTs      ; 14 ALUTs             ; 28 ALUTs               ; Yes        ; |sha256|block[13][12]          ;
; 10:1               ; 8 bits    ; 48 ALUTs      ; 8 ALUTs              ; 40 ALUTs               ; Yes        ; |sha256|block[13][27]          ;
; 10:1               ; 7 bits    ; 42 ALUTs      ; 14 ALUTs             ; 28 ALUTs               ; Yes        ; |sha256|block[12][22]          ;
; 10:1               ; 7 bits    ; 42 ALUTs      ; 14 ALUTs             ; 28 ALUTs               ; Yes        ; |sha256|block[12][11]          ;
; 10:1               ; 8 bits    ; 48 ALUTs      ; 8 ALUTs              ; 40 ALUTs               ; Yes        ; |sha256|block[12][27]          ;
; 10:1               ; 7 bits    ; 42 ALUTs      ; 14 ALUTs             ; 28 ALUTs               ; Yes        ; |sha256|block[11][22]          ;
; 10:1               ; 7 bits    ; 42 ALUTs      ; 14 ALUTs             ; 28 ALUTs               ; Yes        ; |sha256|block[11][12]          ;
; 10:1               ; 8 bits    ; 48 ALUTs      ; 8 ALUTs              ; 40 ALUTs               ; Yes        ; |sha256|block[11][27]          ;
; 10:1               ; 7 bits    ; 42 ALUTs      ; 14 ALUTs             ; 28 ALUTs               ; Yes        ; |sha256|block[10][22]          ;
; 10:1               ; 7 bits    ; 42 ALUTs      ; 14 ALUTs             ; 28 ALUTs               ; Yes        ; |sha256|block[10][11]          ;
; 10:1               ; 8 bits    ; 48 ALUTs      ; 8 ALUTs              ; 40 ALUTs               ; Yes        ; |sha256|block[10][31]          ;
; 10:1               ; 7 bits    ; 42 ALUTs      ; 14 ALUTs             ; 28 ALUTs               ; Yes        ; |sha256|block[9][18]           ;
; 10:1               ; 7 bits    ; 42 ALUTs      ; 14 ALUTs             ; 28 ALUTs               ; Yes        ; |sha256|block[9][10]           ;
; 10:1               ; 8 bits    ; 48 ALUTs      ; 8 ALUTs              ; 40 ALUTs               ; Yes        ; |sha256|block[9][28]           ;
; 10:1               ; 7 bits    ; 42 ALUTs      ; 14 ALUTs             ; 28 ALUTs               ; Yes        ; |sha256|block[8][17]           ;
; 10:1               ; 7 bits    ; 42 ALUTs      ; 14 ALUTs             ; 28 ALUTs               ; Yes        ; |sha256|block[8][13]           ;
; 10:1               ; 8 bits    ; 48 ALUTs      ; 8 ALUTs              ; 40 ALUTs               ; Yes        ; |sha256|block[8][28]           ;
; 10:1               ; 7 bits    ; 42 ALUTs      ; 14 ALUTs             ; 28 ALUTs               ; Yes        ; |sha256|block[7][22]           ;
; 10:1               ; 7 bits    ; 42 ALUTs      ; 14 ALUTs             ; 28 ALUTs               ; Yes        ; |sha256|block[7][14]           ;
; 10:1               ; 8 bits    ; 48 ALUTs      ; 8 ALUTs              ; 40 ALUTs               ; Yes        ; |sha256|block[7][27]           ;
; 10:1               ; 7 bits    ; 42 ALUTs      ; 14 ALUTs             ; 28 ALUTs               ; Yes        ; |sha256|block[6][22]           ;
; 10:1               ; 7 bits    ; 42 ALUTs      ; 14 ALUTs             ; 28 ALUTs               ; Yes        ; |sha256|block[6][8]            ;
; 10:1               ; 8 bits    ; 48 ALUTs      ; 8 ALUTs              ; 40 ALUTs               ; Yes        ; |sha256|block[6][31]           ;
; 10:1               ; 7 bits    ; 42 ALUTs      ; 14 ALUTs             ; 28 ALUTs               ; Yes        ; |sha256|block[5][17]           ;
; 10:1               ; 7 bits    ; 42 ALUTs      ; 14 ALUTs             ; 28 ALUTs               ; Yes        ; |sha256|block[5][10]           ;
; 10:1               ; 8 bits    ; 48 ALUTs      ; 8 ALUTs              ; 40 ALUTs               ; Yes        ; |sha256|block[5][24]           ;
; 10:1               ; 7 bits    ; 42 ALUTs      ; 14 ALUTs             ; 28 ALUTs               ; Yes        ; |sha256|block[4][19]           ;
; 10:1               ; 7 bits    ; 42 ALUTs      ; 14 ALUTs             ; 28 ALUTs               ; Yes        ; |sha256|block[4][11]           ;
; 10:1               ; 8 bits    ; 48 ALUTs      ; 8 ALUTs              ; 40 ALUTs               ; Yes        ; |sha256|block[4][31]           ;
; 10:1               ; 7 bits    ; 42 ALUTs      ; 14 ALUTs             ; 28 ALUTs               ; Yes        ; |sha256|block[3][19]           ;
; 10:1               ; 7 bits    ; 42 ALUTs      ; 14 ALUTs             ; 28 ALUTs               ; Yes        ; |sha256|block[3][13]           ;
; 10:1               ; 8 bits    ; 48 ALUTs      ; 8 ALUTs              ; 40 ALUTs               ; Yes        ; |sha256|block[3][24]           ;
; 10:1               ; 7 bits    ; 42 ALUTs      ; 14 ALUTs             ; 28 ALUTs               ; Yes        ; |sha256|block[2][17]           ;
; 10:1               ; 7 bits    ; 42 ALUTs      ; 14 ALUTs             ; 28 ALUTs               ; Yes        ; |sha256|block[2][8]            ;
; 10:1               ; 8 bits    ; 48 ALUTs      ; 8 ALUTs              ; 40 ALUTs               ; Yes        ; |sha256|block[2][29]           ;
; 10:1               ; 7 bits    ; 42 ALUTs      ; 14 ALUTs             ; 28 ALUTs               ; Yes        ; |sha256|block[1][22]           ;
; 10:1               ; 7 bits    ; 42 ALUTs      ; 14 ALUTs             ; 28 ALUTs               ; Yes        ; |sha256|block[1][14]           ;
; 10:1               ; 8 bits    ; 48 ALUTs      ; 8 ALUTs              ; 40 ALUTs               ; Yes        ; |sha256|block[1][29]           ;
; 10:1               ; 7 bits    ; 42 ALUTs      ; 14 ALUTs             ; 28 ALUTs               ; Yes        ; |sha256|block[0][19]           ;
; 10:1               ; 7 bits    ; 42 ALUTs      ; 14 ALUTs             ; 28 ALUTs               ; Yes        ; |sha256|block[0][9]            ;
; 10:1               ; 8 bits    ; 48 ALUTs      ; 8 ALUTs              ; 40 ALUTs               ; Yes        ; |sha256|block[0][24]           ;
; 9:1                ; 32 bits   ; 192 ALUTs     ; 192 ALUTs            ; 0 ALUTs                ; Yes        ; |sha256|mem_write_data[3]~reg0 ;
; 11:1               ; 7 bits    ; 49 ALUTs      ; 14 ALUTs             ; 35 ALUTs               ; Yes        ; |sha256|block[15][20]          ;
; 11:1               ; 7 bits    ; 49 ALUTs      ; 14 ALUTs             ; 35 ALUTs               ; Yes        ; |sha256|block[15][8]           ;
; 11:1               ; 8 bits    ; 56 ALUTs      ; 16 ALUTs             ; 40 ALUTs               ; Yes        ; |sha256|block[15][28]          ;
; 11:1               ; 7 bits    ; 49 ALUTs      ; 21 ALUTs             ; 28 ALUTs               ; Yes        ; |sha256|block[14][16]          ;
; 11:1               ; 7 bits    ; 49 ALUTs      ; 21 ALUTs             ; 28 ALUTs               ; Yes        ; |sha256|block[14][14]          ;
; 11:1               ; 8 bits    ; 56 ALUTs      ; 8 ALUTs              ; 48 ALUTs               ; Yes        ; |sha256|block[14][25]          ;
+--------------------+-----------+---------------+----------------------+------------------------+------------+--------------------------------+


+------------------------------------------------------------------------------------------------------------------+
; Parameter Settings for User Entity Instance: Top-level Entity: |sha256                                           ;
+----------------+----------------------------------------------------------------------------------+--------------+
; Parameter Name ; Value                                                                            ; Type         ;
+----------------+----------------------------------------------------------------------------------+--------------+
; sha256_k       ; (1116352408,1899447441,-1245643825,-373957723,961987163,1508970993,-1841331548,- ; Array/Record ;
; sha256_k       ; 1424204075,-670586216,310598401,607225278,1426881987,1925078388,-2132889090,-168 ;              ;
; sha256_k       ; 0079193,-1046744716,-459576895,-272742522,264347078,604807628,770255983,12491501 ;              ;
; sha256_k       ; 22,1555081692,1996064986,-1740746414,-1473132947,-1341970488,-1084653625,-958395 ;              ;
; sha256_k       ; 405,-710438585,113926993,338241895,666307205,773529912,1294757372,1396182291,169 ;              ;
; sha256_k       ; 5183700,1986661051,-2117940946,-1838011259,-1564481375,-1474664885,-1035236496,- ;              ;
; sha256_k       ; 949202525,-778901479,-694614492,-200395387,275423344,430227734,506948616,6590605 ;              ;
; sha256_k       ; 56,883997877,958139571,1322822218,1537002063,1747873779,1955562222,2024104815,-2 ;              ;
;                ; 067236844,-1933114872,-1866530822,-1538233109,-1090935817,-965641998)            ;              ;
+----------------+----------------------------------------------------------------------------------+--------------+
Note: In order to hide this table in the UI and the text report file, please set the "Show Parameter Settings in Synthesis Report" option in "Analysis and Synthesis Settings -> More Settings" to "Off".


+-----------------------------------------------------+
; Post-Synthesis Netlist Statistics for Top Partition ;
+-----------------------+-----------------------------+
; Type                  ; Count                       ;
+-----------------------+-----------------------------+
; arriaii_ff            ; 895                         ;
;     CLR               ; 13                          ;
;     ENA               ; 466                         ;
;     ENA SCLR          ; 144                         ;
;     ENA SLD           ; 272                         ;
; boundary_port         ; 182                         ;
; stratixiv_lcell_comb  ; 23650                       ;
;     arith             ; 3871                        ;
;         1 data inputs ; 79                          ;
;         2 data inputs ; 3525                        ;
;         3 data inputs ; 187                         ;
;         4 data inputs ; 72                          ;
;         5 data inputs ; 8                           ;
;     normal            ; 12067                       ;
;         2 data inputs ; 565                         ;
;         3 data inputs ; 10678                       ;
;         4 data inputs ; 188                         ;
;         5 data inputs ; 249                         ;
;         6 data inputs ; 387                         ;
;     shared            ; 7712                        ;
;         2 data inputs ; 2042                        ;
;         3 data inputs ; 5670                        ;
;                       ;                             ;
; Max LUT depth         ; 354.60                      ;
; Average LUT depth     ; 291.18                      ;
+-----------------------+-----------------------------+


+-------------------------------+
; Elapsed Time Per Partition    ;
+----------------+--------------+
; Partition Name ; Elapsed Time ;
+----------------+--------------+
; Top            ; 00:00:26     ;
+----------------+--------------+


+-------------------------------+
; Analysis & Synthesis Messages ;
+-------------------------------+
Info: *******************************************************************
Info: Running Quartus Prime Analysis & Synthesis
    Info: Version 17.1.0 Build 590 10/25/2017 SJ Lite Edition
    Info: Processing started: Sun Feb 18 15:46:12 2018
Info: Command: quartus_map --read_settings_files=on --write_settings_files=off sha256 -c sha256
Warning (18236): Number of processors has not been specified which may cause overloading on shared machines.  Set the global assignment NUM_PARALLEL_PROCESSORS in your QSF to an appropriate value for best performance.
Info (20030): Parallel compilation is enabled and will use 2 of the 2 processors detected
Info (12021): Found 1 design units, including 1 entities, in source file tb_sha256.sv
    Info (12023): Found entity 1: tb_sha256 File: C:/intelFPGA_lite/17.1/project4/tb_sha256.sv Line: 1
Info (12021): Found 1 design units, including 1 entities, in source file sha256.sv
    Info (12023): Found entity 1: sha256 File: C:/intelFPGA_lite/17.1/project4/sha256.sv Line: 1
Info (12127): Elaborating entity "sha256" for the top level hierarchy
Warning (10230): Verilog HDL assignment warning at sha256.sv(33): truncated value with size 32 to match size of target (16) File: C:/intelFPGA_lite/17.1/project4/sha256.sv Line: 33
Warning (10230): Verilog HDL assignment warning at sha256.sv(35): truncated value with size 32 to match size of target (16) File: C:/intelFPGA_lite/17.1/project4/sha256.sv Line: 35
Warning (10230): Verilog HDL assignment warning at sha256.sv(183): truncated value with size 32 to match size of target (16) File: C:/intelFPGA_lite/17.1/project4/sha256.sv Line: 183
Warning (10230): Verilog HDL assignment warning at sha256.sv(235): truncated value with size 32 to match size of target (16) File: C:/intelFPGA_lite/17.1/project4/sha256.sv Line: 235
Warning (10230): Verilog HDL assignment warning at sha256.sv(236): truncated value with size 32 to match size of target (16) File: C:/intelFPGA_lite/17.1/project4/sha256.sv Line: 236
Warning (10230): Verilog HDL assignment warning at sha256.sv(310): truncated value with size 32 to match size of target (16) File: C:/intelFPGA_lite/17.1/project4/sha256.sv Line: 310
Warning (10230): Verilog HDL assignment warning at sha256.sv(317): truncated value with size 32 to match size of target (16) File: C:/intelFPGA_lite/17.1/project4/sha256.sv Line: 317
Warning (10230): Verilog HDL assignment warning at sha256.sv(341): truncated value with size 32 to match size of target (16) File: C:/intelFPGA_lite/17.1/project4/sha256.sv Line: 341
Info (286030): Timing-Driven Synthesis is running
Info (17049): 32 registers lost all their fanouts during netlist optimizations.
Info (144001): Generated suppressed messages file C:/intelFPGA_lite/17.1/project4/output_files/sha256.map.smsg
Info (16010): Generating hard_block partition "hard_block:auto_generated_inst"
    Info (16011): Adding 0 node(s), including 0 DDIO, 0 PLL, 0 transceiver and 0 LCELL
Warning (21074): Design contains 32 input pin(s) that do not drive logic
    Warning (15610): No output dependent on input pin "message_addr[16]" File: C:/intelFPGA_lite/17.1/project4/sha256.sv Line: 2
    Warning (15610): No output dependent on input pin "message_addr[17]" File: C:/intelFPGA_lite/17.1/project4/sha256.sv Line: 2
    Warning (15610): No output dependent on input pin "message_addr[18]" File: C:/intelFPGA_lite/17.1/project4/sha256.sv Line: 2
    Warning (15610): No output dependent on input pin "message_addr[19]" File: C:/intelFPGA_lite/17.1/project4/sha256.sv Line: 2
    Warning (15610): No output dependent on input pin "message_addr[20]" File: C:/intelFPGA_lite/17.1/project4/sha256.sv Line: 2
    Warning (15610): No output dependent on input pin "message_addr[21]" File: C:/intelFPGA_lite/17.1/project4/sha256.sv Line: 2
    Warning (15610): No output dependent on input pin "message_addr[22]" File: C:/intelFPGA_lite/17.1/project4/sha256.sv Line: 2
    Warning (15610): No output dependent on input pin "message_addr[23]" File: C:/intelFPGA_lite/17.1/project4/sha256.sv Line: 2
    Warning (15610): No output dependent on input pin "message_addr[24]" File: C:/intelFPGA_lite/17.1/project4/sha256.sv Line: 2
    Warning (15610): No output dependent on input pin "message_addr[25]" File: C:/intelFPGA_lite/17.1/project4/sha256.sv Line: 2
    Warning (15610): No output dependent on input pin "message_addr[26]" File: C:/intelFPGA_lite/17.1/project4/sha256.sv Line: 2
    Warning (15610): No output dependent on input pin "message_addr[27]" File: C:/intelFPGA_lite/17.1/project4/sha256.sv Line: 2
    Warning (15610): No output dependent on input pin "message_addr[28]" File: C:/intelFPGA_lite/17.1/project4/sha256.sv Line: 2
    Warning (15610): No output dependent on input pin "message_addr[29]" File: C:/intelFPGA_lite/17.1/project4/sha256.sv Line: 2
    Warning (15610): No output dependent on input pin "message_addr[30]" File: C:/intelFPGA_lite/17.1/project4/sha256.sv Line: 2
    Warning (15610): No output dependent on input pin "message_addr[31]" File: C:/intelFPGA_lite/17.1/project4/sha256.sv Line: 2
    Warning (15610): No output dependent on input pin "output_addr[16]" File: C:/intelFPGA_lite/17.1/project4/sha256.sv Line: 2
    Warning (15610): No output dependent on input pin "output_addr[17]" File: C:/intelFPGA_lite/17.1/project4/sha256.sv Line: 2
    Warning (15610): No output dependent on input pin "output_addr[18]" File: C:/intelFPGA_lite/17.1/project4/sha256.sv Line: 2
    Warning (15610): No output dependent on input pin "output_addr[19]" File: C:/intelFPGA_lite/17.1/project4/sha256.sv Line: 2
    Warning (15610): No output dependent on input pin "output_addr[20]" File: C:/intelFPGA_lite/17.1/project4/sha256.sv Line: 2
    Warning (15610): No output dependent on input pin "output_addr[21]" File: C:/intelFPGA_lite/17.1/project4/sha256.sv Line: 2
    Warning (15610): No output dependent on input pin "output_addr[22]" File: C:/intelFPGA_lite/17.1/project4/sha256.sv Line: 2
    Warning (15610): No output dependent on input pin "output_addr[23]" File: C:/intelFPGA_lite/17.1/project4/sha256.sv Line: 2
    Warning (15610): No output dependent on input pin "output_addr[24]" File: C:/intelFPGA_lite/17.1/project4/sha256.sv Line: 2
    Warning (15610): No output dependent on input pin "output_addr[25]" File: C:/intelFPGA_lite/17.1/project4/sha256.sv Line: 2
    Warning (15610): No output dependent on input pin "output_addr[26]" File: C:/intelFPGA_lite/17.1/project4/sha256.sv Line: 2
    Warning (15610): No output dependent on input pin "output_addr[27]" File: C:/intelFPGA_lite/17.1/project4/sha256.sv Line: 2
    Warning (15610): No output dependent on input pin "output_addr[28]" File: C:/intelFPGA_lite/17.1/project4/sha256.sv Line: 2
    Warning (15610): No output dependent on input pin "output_addr[29]" File: C:/intelFPGA_lite/17.1/project4/sha256.sv Line: 2
    Warning (15610): No output dependent on input pin "output_addr[30]" File: C:/intelFPGA_lite/17.1/project4/sha256.sv Line: 2
    Warning (15610): No output dependent on input pin "output_addr[31]" File: C:/intelFPGA_lite/17.1/project4/sha256.sv Line: 2
Info (21057): Implemented 23942 device resources after synthesis - the final resource count might be different
    Info (21058): Implemented 131 input pins
    Info (21059): Implemented 51 output pins
    Info (21061): Implemented 23760 logic cells
Info: Quartus Prime Analysis & Synthesis was successful. 0 errors, 42 warnings
    Info: Peak virtual memory: 874 megabytes
    Info: Processing ended: Sun Feb 18 15:47:02 2018
    Info: Elapsed time: 00:00:50
    Info: Total CPU time (on all processors): 00:00:59


+------------------------------------------+
; Analysis & Synthesis Suppressed Messages ;
+------------------------------------------+
The suppressed messages can be found in C:/intelFPGA_lite/17.1/project4/output_files/sha256.map.smsg.


